
===== MODEL CONFIGURATION =====
Hidden Size: 128
Layers: 2
Learning Rate: 0.001

Training Vanilla_RNN
Trainable Parameters: 63,754
Epoch 1, Loss: 2.3134
Epoch 2, Loss: 2.1165
Epoch 3, Loss: 1.9273
Epoch 4, Loss: 1.7445
Epoch 5, Loss: 1.5673
Epoch 6, Loss: 1.3954
Epoch 7, Loss: 1.2293
Epoch 8, Loss: 1.0704
Epoch 9, Loss: 0.9203
Epoch 10, Loss: 0.7812
Epoch 11, Loss: 0.6551
Epoch 12, Loss: 0.5433
Epoch 13, Loss: 0.4464
Epoch 14, Loss: 0.3644
Epoch 15, Loss: 0.2962
Epoch 16, Loss: 0.2404
Epoch 17, Loss: 0.1954
Epoch 18, Loss: 0.1594
Epoch 19, Loss: 0.1308
Epoch 20, Loss: 0.1081
Epoch 21, Loss: 0.0901
Epoch 22, Loss: 0.0758
Epoch 23, Loss: 0.0643
Epoch 24, Loss: 0.0551
Epoch 25, Loss: 0.0476
Epoch 26, Loss: 0.0415
Epoch 27, Loss: 0.0365
Epoch 28, Loss: 0.0323
Epoch 29, Loss: 0.0288
Epoch 30, Loss: 0.0259
Epoch 31, Loss: 0.0234
Epoch 32, Loss: 0.0213
Epoch 33, Loss: 0.0195
Epoch 34, Loss: 0.0180
Epoch 35, Loss: 0.0166
Epoch 36, Loss: 0.0155
Epoch 37, Loss: 0.0144
Epoch 38, Loss: 0.0135
Epoch 39, Loss: 0.0127
Epoch 40, Loss: 0.0120
Model saved at: saved_models/Vanilla_RNN.pth

Training BLSTM
Trainable Parameters: 633,354
Epoch 1, Loss: 2.3029
Epoch 2, Loss: 2.2694
Epoch 3, Loss: 2.2356
Epoch 4, Loss: 2.2006
Epoch 5, Loss: 2.1633
Epoch 6, Loss: 2.1225
Epoch 7, Loss: 2.0773
Epoch 8, Loss: 2.0263
Epoch 9, Loss: 1.9683
Epoch 10, Loss: 1.9018
Epoch 11, Loss: 1.8252
Epoch 12, Loss: 1.7366
Epoch 13, Loss: 1.6346
Epoch 14, Loss: 1.5186
Epoch 15, Loss: 1.3911
Epoch 16, Loss: 1.2588
Epoch 17, Loss: 1.1256
Epoch 18, Loss: 0.9835
Epoch 19, Loss: 0.8361
Epoch 20, Loss: 0.7011
Epoch 21, Loss: 0.5839
Epoch 22, Loss: 0.4801
Epoch 23, Loss: 0.3882
Epoch 24, Loss: 0.3086
Epoch 25, Loss: 0.2421
Epoch 26, Loss: 0.1883
Epoch 27, Loss: 0.1458
Epoch 28, Loss: 0.1114
Epoch 29, Loss: 0.0831
Epoch 30, Loss: 0.0606
Epoch 31, Loss: 0.0431
Epoch 32, Loss: 0.0297
Epoch 33, Loss: 0.0206
Epoch 34, Loss: 0.0149
Epoch 35, Loss: 0.0113
Epoch 36, Loss: 0.0088
Epoch 37, Loss: 0.0071
Epoch 38, Loss: 0.0058
Epoch 39, Loss: 0.0049
Epoch 40, Loss: 0.0042
Model saved at: saved_models/BLSTM.pth

Training RNN_Attention
Trainable Parameters: 63,883
Epoch 1, Loss: 2.3096
Epoch 2, Loss: 2.2604
Epoch 3, Loss: 2.2122
Epoch 4, Loss: 2.1623
Epoch 5, Loss: 2.1086
Epoch 6, Loss: 2.0487
Epoch 7, Loss: 1.9808
Epoch 8, Loss: 1.9027
Epoch 9, Loss: 1.8120
Epoch 10, Loss: 1.7078
Epoch 11, Loss: 1.5962
Epoch 12, Loss: 1.4895
Epoch 13, Loss: 1.3923
Epoch 14, Loss: 1.2879
Epoch 15, Loss: 1.1678
Epoch 16, Loss: 1.0500
Epoch 17, Loss: 0.9542
Epoch 18, Loss: 0.8733
Epoch 19, Loss: 0.7968
Epoch 20, Loss: 0.7208
Epoch 21, Loss: 0.6514
Epoch 22, Loss: 0.5915
Epoch 23, Loss: 0.5358
Epoch 24, Loss: 0.4824
Epoch 25, Loss: 0.4334
Epoch 26, Loss: 0.3901
Epoch 27, Loss: 0.3521
Epoch 28, Loss: 0.3185
Epoch 29, Loss: 0.2882
Epoch 30, Loss: 0.2611
Epoch 31, Loss: 0.2372
Epoch 32, Loss: 0.2151
Epoch 33, Loss: 0.1941
Epoch 34, Loss: 0.1747
Epoch 35, Loss: 0.1576
Epoch 36, Loss: 0.1429
Epoch 37, Loss: 0.1303
Epoch 38, Loss: 0.1194
Epoch 39, Loss: 0.1097
Epoch 40, Loss: 0.1009
Model saved at: saved_models/RNN_Attention.pth
Plot saved at: plots/loss_comparison.png
